{
  "RSpec": {
    "coverage": {
      "C:/Users/Evelina/RubymineProjects/Pirma/health_card.rb": [
        null,
        1,
        1,
        1,
        3,
        3,
        3,
        3,
        null,
        null,
        1,
        1,
        null,
        null,
        1,
        1,
        1,
        null,
        null
      ],
      "C:/Users/Evelina/RubymineProjects/Pirma/service.rb": [
        null,
        1,
        null,
        1,
        1,
        13,
        13,
        13,
        13,
        null,
        null,
        1,
        2,
        2,
        null,
        null,
        1,
        2,
        2,
        null,
        null,
        1,
        1,
        1,
        null,
        null,
        1,
        5,
        5,
        null,
        null,
        1,
        4,
        3,
        null,
        1,
        null,
        null
      ],
      "C:/Users/Evelina/RubymineProjects/Pirma/spec/service_spec.rb": [
        1,
        null,
        1,
        10,
        null,
        1,
        1,
        null,
        1,
        1,
        null,
        1,
        1,
        1,
        null,
        1,
        1,
        1,
        null,
        1,
        1,
        1,
        null,
        1,
        1,
        1,
        null,
        1,
        1,
        1,
        null,
        1,
        1,
        1,
        null,
        1,
        1,
        1,
        null,
        1,
        1,
        1,
        1,
        null,
        1,
        1,
        1,
        1,
        null,
        1,
        1,
        1,
        1,
        null,
        null
      ]
    },
    "timestamp": 1476206919
  }
}
